#separator \x09
#set_separator	,
#empty_field	(empty)
#unset_field	-
#path	telemetry
#open	2026-03-03-15-52-41
#fields	ts	peer	metric_type	name	labels	label_values	value
#types	time	string	string	string	vector[string]	vector[string]	double
1772553161.220388	zeek	counter	process_cpu_user_seconds_total	(empty)	(empty)	0.19
1772553161.220388	zeek	counter	process_cpu_system_seconds_total	(empty)	(empty)	0.19
1772553161.220388	zeek	gauge	process_resident_memory_bytes	(empty)	(empty)	279764992.0
1772553161.220388	zeek	gauge	process_virtual_memory_bytes	(empty)	(empty)	1165864960.0
1772553161.220388	zeek	gauge	process_open_fds	(empty)	(empty)	28.0
1772553161.220388	zeek	gauge	process_start_time_seconds	(empty)	(empty)	1772553160.853847
1772553161.220388	zeek	counter	zeek_log_stream_writes_total	module,stream	LoadedScripts,LoadedScripts::LOG	539.0
1772553161.220388	zeek	counter	zeek_log_stream_writes_total	module,stream	PacketFilter,PacketFilter::LOG	1.0
1772553161.220388	zeek	counter	zeek_log_writer_writes_total	filter_name,module,path,stream,writer	default,LoadedScripts,loaded_scripts,LoadedScripts::LOG,Log::WRITER_ASCII	539.0
1772553161.220388	zeek	counter	zeek_log_writer_writes_total	filter_name,module,path,stream,writer	default,PacketFilter,packet_filter,PacketFilter::LOG,Log::WRITER_ASCII	1.0
1772553161.220388	zeek	counter	zeek_log_writer_discarded_writes_total	filter_name,module,path,stream,writer	default,LoadedScripts,loaded_scripts,LoadedScripts::LOG,Log::WRITER_ASCII	0.0
1772553161.220388	zeek	counter	zeek_log_writer_discarded_writes_total	filter_name,module,path,stream,writer	default,PacketFilter,packet_filter,PacketFilter::LOG,Log::WRITER_ASCII	0.0
1772553161.220388	zeek	counter	zeek_log_writer_truncated_string_fields_total	filter_name,module,path,stream,writer	default,LoadedScripts,loaded_scripts,LoadedScripts::LOG,Log::WRITER_ASCII	0.0
1772553161.220388	zeek	counter	zeek_log_writer_truncated_string_fields_total	filter_name,module,path,stream,writer	default,PacketFilter,packet_filter,PacketFilter::LOG,Log::WRITER_ASCII	0.0
1772553161.220388	zeek	counter	zeek_log_writer_truncated_containers_total	filter_name,module,path,stream,writer	default,LoadedScripts,loaded_scripts,LoadedScripts::LOG,Log::WRITER_ASCII	0.0
1772553161.220388	zeek	counter	zeek_log_writer_truncated_containers_total	filter_name,module,path,stream,writer	default,PacketFilter,packet_filter,PacketFilter::LOG,Log::WRITER_ASCII	0.0
1772553161.220388	zeek	counter	zeek_net_received_bytes_total	(empty)	(empty)	42.0
1772553161.220388	zeek	counter	zeek_net_received_packets_total	(empty)	(empty)	1.0
1772553161.220388	zeek	counter	zeek_net_dropped_packets_total	(empty)	(empty)	0.0
1772553161.220388	zeek	counter	zeek_net_link_packets_total	(empty)	(empty)	1.0
1772553161.220388	zeek	counter	zeek_msgthread_threads_total	(empty)	(empty)	2.0
1772553161.220388	zeek	counter	zeek_msgthread_in_messages_total	(empty)	(empty)	4.0
1772553161.220388	zeek	counter	zeek_msgthread_out_messages_total	(empty)	(empty)	0.0
1772553161.220388	zeek	counter	zeek_cluster_core_outgoing_events_total	(empty)	(empty)	0.0
1772553161.220388	zeek	counter	zeek_cluster_core_incoming_events_total	(empty)	(empty)	0.0
1772553161.220388	zeek	counter	zeek_broker_incoming_events_total	(empty)	(empty)	0.0
1772553161.220388	zeek	counter	zeek_broker_outgoing_events_total	(empty)	(empty)	0.0
1772553161.220388	zeek	counter	zeek_broker_incoming_logs_total	(empty)	(empty)	0.0
1772553161.220388	zeek	counter	zeek_broker_outgoing_logs_total	(empty)	(empty)	0.0
1772553161.220388	zeek	counter	zeek_broker_incoming_ids_total	(empty)	(empty)	0.0
1772553161.220388	zeek	counter	zeek_broker_outgoing_ids_total	(empty)	(empty)	0.0
1772553161.220388	zeek	counter	zeek_timers_total	(empty)	(empty)	124.0
1772553161.220388	zeek	counter	zeek_dnsmgr_requests_total	(empty)	(empty)	0.0
1772553161.220388	zeek	counter	zeek_dnsmgr_successful_requests_total	(empty)	(empty)	0.0
1772553161.220388	zeek	counter	zeek_dnsmgr_failed_requests_total	(empty)	(empty)	0.0
1772553161.220388	zeek	counter	zeek_triggers_total	(empty)	(empty)	0.0
1772553161.220388	zeek	counter	zeek_ended_sessions_total	reason	inactivity	0.0
1772553161.220388	zeek	counter	zeek_event_handler_invocations_total	name	Broker::log_flush	1.0
1772553161.220388	zeek	counter	zeek_event_handler_invocations_total	name	filter_change_tracking	1.0
1772553161.220388	zeek	counter	zeek_event_handler_invocations_total	name	ChecksumOffloading::check	1.0
1772553161.220388	zeek	counter	zeek_event_handler_invocations_total	name	NetControl::init	1.0
1772553161.220388	zeek	counter	zeek_event_handler_invocations_total	name	zeek_script_loaded	539.0
1772553161.220388	zeek	counter	zeek_event_handler_invocations_total	name	Telemetry::log	1.0
1772553161.220388	zeek	counter	zeek_event_handler_invocations_total	name	grab_vulnerable_versions	1.0
1772553161.220388	zeek	counter	zeek_event_handler_invocations_total	name	zeek_init	1.0
1772553161.220388	zeek	counter	zeek_total_sessions_total	protocol	icmp	0.0
1772553161.220388	zeek	counter	zeek_total_sessions_total	protocol	udp	0.0
1772553161.220388	zeek	counter	zeek_total_sessions_total	protocol	tcp	0.0
1772553161.220388	zeek	gauge	zeek_version_info	beta,commit,debug,major,minor,patch,version_number,version_string	false,0,false,8,1,1,80101,8.1.1	1.0
1772553161.220388	zeek	gauge	zeek_net_packet_lag_seconds	(empty)	(empty)	0.002606
1772553161.220388	zeek	gauge	zeek_net_timestamp_seconds	(empty)	(empty)	1772553161.220388
1772553161.220388	zeek	gauge	zeek_msgthread_active_threads	(empty)	(empty)	2.0
1772553161.220388	zeek	gauge	zeek_msgthread_pending_in_messages	(empty)	(empty)	0.0
1772553161.220388	zeek	gauge	zeek_msgthread_pending_out_messages	(empty)	(empty)	0.0
1772553161.220388	zeek	gauge	zeek_msgthread_pending_messages_in_buckets	leq	inf	2.0
1772553161.220388	zeek	gauge	zeek_msgthread_pending_messages_in_buckets	leq	10000	2.0
1772553161.220388	zeek	gauge	zeek_msgthread_pending_messages_in_buckets	leq	1000	2.0
1772553161.220388	zeek	gauge	zeek_msgthread_pending_messages_in_buckets	leq	100	2.0
1772553161.220388	zeek	gauge	zeek_msgthread_pending_messages_in_buckets	leq	10	2.0
1772553161.220388	zeek	gauge	zeek_msgthread_pending_messages_in_buckets	leq	1	2.0
1772553161.220388	zeek	gauge	zeek_msgthread_pending_messages_out_buckets	leq	inf	2.0
1772553161.220388	zeek	gauge	zeek_msgthread_pending_messages_out_buckets	leq	10000	2.0
1772553161.220388	zeek	gauge	zeek_msgthread_pending_messages_out_buckets	leq	1000	2.0
1772553161.220388	zeek	gauge	zeek_msgthread_pending_messages_out_buckets	leq	100	2.0
1772553161.220388	zeek	gauge	zeek_msgthread_pending_messages_out_buckets	leq	10	2.0
1772553161.220388	zeek	gauge	zeek_msgthread_pending_messages_out_buckets	leq	1	2.0
1772553161.220388	zeek	gauge	zeek_broker_peers	(empty)	(empty)	0.0
1772553161.220388	zeek	gauge	zeek_broker_stores	(empty)	(empty)	1.0
1772553161.220388	zeek	gauge	zeek_broker_pending_queries	(empty)	(empty)	0.0
1772553161.220388	zeek	gauge	zeek_timers_lag_time_seconds	(empty)	(empty)	1772549561.220388
1772553161.220388	zeek	gauge	zeek_timers_pending	type	LogDelayExpire	0.0
1772553161.220388	zeek	gauge	zeek_timers_pending	type	ThreadHeartbeat	1.0
1772553161.220388	zeek	gauge	zeek_timers_pending	type	TimerMgrExpireTimer	0.0
1772553161.220388	zeek	gauge	zeek_timers_pending	type	ParentProcessIDCheck	0.0
1772553161.220388	zeek	gauge	zeek_timers_pending	type	FragTimer	0.0
1772553161.220388	zeek	gauge	zeek_timers_pending	type	RotateTimer	0.0
1772553161.220388	zeek	gauge	zeek_timers_pending	type	FlowWeirdTimer	0.0
1772553161.220388	zeek	gauge	zeek_timers_pending	type	FileAnalysisInactivityTimer	0.0
1772553161.220388	zeek	gauge	zeek_timers_pending	type	StorageExpire	1.0
1772553161.220388	zeek	gauge	zeek_timers_pending	type	ConnectionInactivityTimer	0.0
1772553161.220388	zeek	gauge	zeek_timers_pending	type	TCPConnectionExpireTimer	0.0
1772553161.220388	zeek	gauge	zeek_timers_pending	type	ConnectionStatusUpdateTimer	0.0
1772553161.220388	zeek	gauge	zeek_timers_pending	type	LogFlushWriteBufferTimer	1.0
1772553161.220388	zeek	gauge	zeek_timers_pending	type	NetWeirdTimer	0.0
1772553161.220388	zeek	gauge	zeek_timers_pending	type	InterconnTimer	0.0
1772553161.220388	zeek	gauge	zeek_timers_pending	type	IPTunnelInactivityTimer	0.0
1772553161.220388	zeek	gauge	zeek_timers_pending	type	DNSExpireTimer	0.0
1772553161.220388	zeek	gauge	zeek_timers_pending	type	UnknownProtocolExpire	0.0
1772553161.220388	zeek	gauge	zeek_timers_pending	type	ProfileTimer	0.0
1772553161.220388	zeek	gauge	zeek_timers_pending	type	ConnectionExpireTimer	0.0
1772553161.220388	zeek	gauge	zeek_timers_pending	type	BreakpointTimer	0.0
1772553161.220388	zeek	gauge	zeek_timers_pending	type	BackdoorTimer	0.0
1772553161.220388	zeek	gauge	zeek_timers_pending	type	NetbiosExpireTimer	0.0
1772553161.220388	zeek	gauge	zeek_timers_pending	type	NetworkTimer	0.0
1772553161.220388	zeek	gauge	zeek_timers_pending	type	RemoveConnection	0.0
1772553161.220388	zeek	gauge	zeek_timers_pending	type	TCPConnectionResetTimer	0.0
1772553161.220388	zeek	gauge	zeek_timers_pending	type	ConnTupleWeirdTimer	0.0
1772553161.220388	zeek	gauge	zeek_timers_pending	type	TCPConnectionDeleteTimer	0.0
1772553161.220388	zeek	gauge	zeek_timers_pending	type	ScheduleTimer	2.0
1772553161.220388	zeek	gauge	zeek_timers_pending	type	NTPExpireTimer	0.0
1772553161.220388	zeek	gauge	zeek_timers_pending	type	RPCExpireTimer	0.0
1772553161.220388	zeek	gauge	zeek_timers_pending	type	ConnectionDeleteTimer	0.0
1772553161.220388	zeek	gauge	zeek_timers_pending	type	TriggerTimer	0.0
1772553161.220388	zeek	gauge	zeek_timers_pending	type	TableValTimer	34.0
1772553161.220388	zeek	gauge	zeek_timers_pending	type	TCPConnectionAttemptTimer	0.0
1772553161.220388	zeek	gauge	zeek_timers_pending	type	TCPConnectionPartialClose	0.0
1772553161.220388	zeek	gauge	zeek_dnsmgr_pending_asyncs_requests	(empty)	(empty)	0.0
1772553161.220388	zeek	gauge	zeek_dnsmgr_cache_entries	type	text	0.0
1772553161.220388	zeek	gauge	zeek_dnsmgr_cache_entries	type	address	0.0
1772553161.220388	zeek	gauge	zeek_dnsmgr_cache_entries	type	host	0.0
1772553161.220388	zeek	gauge	zeek_pending_triggers	(empty)	(empty)	0.0
1772553161.220388	zeek	gauge	zeek_active_sessions	protocol	icmp	0.0
1772553161.220388	zeek	gauge	zeek_active_sessions	protocol	udp	0.0
1772553161.220388	zeek	gauge	zeek_active_sessions	protocol	tcp	0.0
1772553221.222033	zeek	counter	process_cpu_user_seconds_total	(empty)	(empty)	0.31
1772553221.222033	zeek	counter	process_cpu_system_seconds_total	(empty)	(empty)	0.27
1772553221.222033	zeek	gauge	process_resident_memory_bytes	(empty)	(empty)	281337856.0
1772553221.222033	zeek	gauge	process_virtual_memory_bytes	(empty)	(empty)	2147385344.0
1772553221.222033	zeek	gauge	process_open_fds	(empty)	(empty)	67.0
1772553221.222033	zeek	gauge	process_start_time_seconds	(empty)	(empty)	1772553160.853847
1772553221.222033	zeek	counter	zeek_log_stream_writes_total	module,stream	CaptureLoss,CaptureLoss::LOG	1.0
1772553221.222033	zeek	counter	zeek_log_stream_writes_total	module,stream	Notice,Notice::LOG	14.0
1772553221.222033	zeek	counter	zeek_log_stream_writes_total	module,stream	PacketFilter,PacketFilter::LOG	1.0
1772553221.222033	zeek	counter	zeek_log_stream_writes_total	module,stream	LoadedScripts,LoadedScripts::LOG	539.0
1772553221.222033	zeek	counter	zeek_log_stream_writes_total	module,stream	Telemetry,Telemetry::LOG	114.0
1772553221.222033	zeek	counter	zeek_log_stream_writes_total	module,stream	Weird,Weird::LOG	7.0
1772553221.222033	zeek	counter	zeek_log_stream_writes_total	module,stream	DNS,DNS::LOG	27.0
1772553221.222033	zeek	counter	zeek_log_stream_writes_total	module,stream	Known,Known::HOSTS_LOG	3.0
1772553221.222033	zeek	counter	zeek_log_stream_writes_total	module,stream	Conn,Conn::LOG	151.0
1772553221.222033	zeek	counter	zeek_log_stream_writes_total	module,stream	Known,Known::SERVICES_LOG	2.0
1772553221.222033	zeek	counter	zeek_log_stream_writes_total	module,stream	Software,Software::LOG	2.0
1772553221.222033	zeek	counter	zeek_log_stream_writes_total	module,stream	Stats,Stats::LOG	1.0
1772553221.222033	zeek	counter	zeek_log_stream_writes_total	module,stream	Files,Files::LOG	64.0
1772553221.222033	zeek	counter	zeek_log_stream_writes_total	module,stream	HTTP,HTTP::LOG	143.0
1772553221.222033	zeek	counter	zeek_log_stream_writes_total	module,stream	Modbus,Modbus::LOG	208.0
1772553221.222033	zeek	counter	zeek_log_writer_writes_total	filter_name,module,path,stream,writer	default,CaptureLoss,capture_loss,CaptureLoss::LOG,Log::WRITER_ASCII	1.0
1772553221.222033	zeek	counter	zeek_log_writer_writes_total	filter_name,module,path,stream,writer	default,PacketFilter,packet_filter,PacketFilter::LOG,Log::WRITER_ASCII	1.0
1772553221.222033	zeek	counter	zeek_log_writer_writes_total	filter_name,module,path,stream,writer	default,LoadedScripts,loaded_scripts,LoadedScripts::LOG,Log::WRITER_ASCII	539.0
1772553221.222033	zeek	counter	zeek_log_writer_writes_total	filter_name,module,path,stream,writer	default,Telemetry,telemetry,Telemetry::LOG,Log::WRITER_ASCII	114.0
1772553221.222033	zeek	counter	zeek_log_writer_writes_total	filter_name,module,path,stream,writer	default,Stats,stats,Stats::LOG,Log::WRITER_ASCII	1.0
1772553221.222033	zeek	counter	zeek_log_writer_writes_total	filter_name,module,path,stream,writer	default,HTTP,http,HTTP::LOG,Log::WRITER_ASCII	143.0
1772553221.222033	zeek	counter	zeek_log_writer_writes_total	filter_name,module,path,stream,writer	default,DNS,dns,DNS::LOG,Log::WRITER_ASCII	27.0
1772553221.222033	zeek	counter	zeek_log_writer_writes_total	filter_name,module,path,stream,writer	default,Known,known_hosts,Known::HOSTS_LOG,Log::WRITER_ASCII	3.0
1772553221.222033	zeek	counter	zeek_log_writer_writes_total	filter_name,module,path,stream,writer	default,Weird,weird,Weird::LOG,Log::WRITER_ASCII	7.0
1772553221.222033	zeek	counter	zeek_log_writer_writes_total	filter_name,module,path,stream,writer	default,Modbus,modbus,Modbus::LOG,Log::WRITER_ASCII	208.0
1772553221.222033	zeek	counter	zeek_log_writer_writes_total	filter_name,module,path,stream,writer	default,Known,known_services,Known::SERVICES_LOG,Log::WRITER_ASCII	2.0
1772553221.222033	zeek	counter	zeek_log_writer_writes_total	filter_name,module,path,stream,writer	default,Conn,conn,Conn::LOG,Log::WRITER_ASCII	151.0
1772553221.222033	zeek	counter	zeek_log_writer_writes_total	filter_name,module,path,stream,writer	default,Software,software,Software::LOG,Log::WRITER_ASCII	2.0
1772553221.222033	zeek	counter	zeek_log_writer_writes_total	filter_name,module,path,stream,writer	default,Notice,notice,Notice::LOG,Log::WRITER_ASCII	14.0
1772553221.222033	zeek	counter	zeek_log_writer_writes_total	filter_name,module,path,stream,writer	default,Files,files,Files::LOG,Log::WRITER_ASCII	64.0
1772553221.222033	zeek	counter	zeek_log_writer_discarded_writes_total	filter_name,module,path,stream,writer	default,CaptureLoss,capture_loss,CaptureLoss::LOG,Log::WRITER_ASCII	0.0
1772553221.222033	zeek	counter	zeek_log_writer_discarded_writes_total	filter_name,module,path,stream,writer	default,PacketFilter,packet_filter,PacketFilter::LOG,Log::WRITER_ASCII	0.0
1772553221.222033	zeek	counter	zeek_log_writer_discarded_writes_total	filter_name,module,path,stream,writer	default,LoadedScripts,loaded_scripts,LoadedScripts::LOG,Log::WRITER_ASCII	0.0
1772553221.222033	zeek	counter	zeek_log_writer_discarded_writes_total	filter_name,module,path,stream,writer	default,Telemetry,telemetry,Telemetry::LOG,Log::WRITER_ASCII	0.0
1772553221.222033	zeek	counter	zeek_log_writer_discarded_writes_total	filter_name,module,path,stream,writer	default,Stats,stats,Stats::LOG,Log::WRITER_ASCII	0.0
1772553221.222033	zeek	counter	zeek_log_writer_discarded_writes_total	filter_name,module,path,stream,writer	default,HTTP,http,HTTP::LOG,Log::WRITER_ASCII	0.0
1772553221.222033	zeek	counter	zeek_log_writer_discarded_writes_total	filter_name,module,path,stream,writer	default,DNS,dns,DNS::LOG,Log::WRITER_ASCII	0.0
1772553221.222033	zeek	counter	zeek_log_writer_discarded_writes_total	filter_name,module,path,stream,writer	default,Known,known_hosts,Known::HOSTS_LOG,Log::WRITER_ASCII	0.0
1772553221.222033	zeek	counter	zeek_log_writer_discarded_writes_total	filter_name,module,path,stream,writer	default,Weird,weird,Weird::LOG,Log::WRITER_ASCII	0.0
1772553221.222033	zeek	counter	zeek_log_writer_discarded_writes_total	filter_name,module,path,stream,writer	default,Modbus,modbus,Modbus::LOG,Log::WRITER_ASCII	0.0
1772553221.222033	zeek	counter	zeek_log_writer_discarded_writes_total	filter_name,module,path,stream,writer	default,Known,known_services,Known::SERVICES_LOG,Log::WRITER_ASCII	0.0
1772553221.222033	zeek	counter	zeek_log_writer_discarded_writes_total	filter_name,module,path,stream,writer	default,Conn,conn,Conn::LOG,Log::WRITER_ASCII	0.0
1772553221.222033	zeek	counter	zeek_log_writer_discarded_writes_total	filter_name,module,path,stream,writer	default,Software,software,Software::LOG,Log::WRITER_ASCII	0.0
1772553221.222033	zeek	counter	zeek_log_writer_discarded_writes_total	filter_name,module,path,stream,writer	default,Notice,notice,Notice::LOG,Log::WRITER_ASCII	0.0
1772553221.222033	zeek	counter	zeek_log_writer_discarded_writes_total	filter_name,module,path,stream,writer	default,Files,files,Files::LOG,Log::WRITER_ASCII	0.0
1772553221.222033	zeek	counter	zeek_log_writer_truncated_string_fields_total	filter_name,module,path,stream,writer	default,CaptureLoss,capture_loss,CaptureLoss::LOG,Log::WRITER_ASCII	0.0
1772553221.222033	zeek	counter	zeek_log_writer_truncated_string_fields_total	filter_name,module,path,stream,writer	default,PacketFilter,packet_filter,PacketFilter::LOG,Log::WRITER_ASCII	0.0
1772553221.222033	zeek	counter	zeek_log_writer_truncated_string_fields_total	filter_name,module,path,stream,writer	default,LoadedScripts,loaded_scripts,LoadedScripts::LOG,Log::WRITER_ASCII	0.0
1772553221.222033	zeek	counter	zeek_log_writer_truncated_string_fields_total	filter_name,module,path,stream,writer	default,Telemetry,telemetry,Telemetry::LOG,Log::WRITER_ASCII	0.0
1772553221.222033	zeek	counter	zeek_log_writer_truncated_string_fields_total	filter_name,module,path,stream,writer	default,Stats,stats,Stats::LOG,Log::WRITER_ASCII	0.0
1772553221.222033	zeek	counter	zeek_log_writer_truncated_string_fields_total	filter_name,module,path,stream,writer	default,HTTP,http,HTTP::LOG,Log::WRITER_ASCII	0.0
1772553221.222033	zeek	counter	zeek_log_writer_truncated_string_fields_total	filter_name,module,path,stream,writer	default,DNS,dns,DNS::LOG,Log::WRITER_ASCII	0.0
1772553221.222033	zeek	counter	zeek_log_writer_truncated_string_fields_total	filter_name,module,path,stream,writer	default,Known,known_hosts,Known::HOSTS_LOG,Log::WRITER_ASCII	0.0
1772553221.222033	zeek	counter	zeek_log_writer_truncated_string_fields_total	filter_name,module,path,stream,writer	default,Weird,weird,Weird::LOG,Log::WRITER_ASCII	0.0
1772553221.222033	zeek	counter	zeek_log_writer_truncated_string_fields_total	filter_name,module,path,stream,writer	default,Modbus,modbus,Modbus::LOG,Log::WRITER_ASCII	0.0
1772553221.222033	zeek	counter	zeek_log_writer_truncated_string_fields_total	filter_name,module,path,stream,writer	default,Known,known_services,Known::SERVICES_LOG,Log::WRITER_ASCII	0.0
1772553221.222033	zeek	counter	zeek_log_writer_truncated_string_fields_total	filter_name,module,path,stream,writer	default,Conn,conn,Conn::LOG,Log::WRITER_ASCII	0.0
1772553221.222033	zeek	counter	zeek_log_writer_truncated_string_fields_total	filter_name,module,path,stream,writer	default,Software,software,Software::LOG,Log::WRITER_ASCII	0.0
1772553221.222033	zeek	counter	zeek_log_writer_truncated_string_fields_total	filter_name,module,path,stream,writer	default,Notice,notice,Notice::LOG,Log::WRITER_ASCII	0.0
1772553221.222033	zeek	counter	zeek_log_writer_truncated_string_fields_total	filter_name,module,path,stream,writer	default,Files,files,Files::LOG,Log::WRITER_ASCII	0.0
1772553221.222033	zeek	counter	zeek_log_writer_truncated_containers_total	filter_name,module,path,stream,writer	default,CaptureLoss,capture_loss,CaptureLoss::LOG,Log::WRITER_ASCII	0.0
1772553221.222033	zeek	counter	zeek_log_writer_truncated_containers_total	filter_name,module,path,stream,writer	default,PacketFilter,packet_filter,PacketFilter::LOG,Log::WRITER_ASCII	0.0
1772553221.222033	zeek	counter	zeek_log_writer_truncated_containers_total	filter_name,module,path,stream,writer	default,LoadedScripts,loaded_scripts,LoadedScripts::LOG,Log::WRITER_ASCII	0.0
1772553221.222033	zeek	counter	zeek_log_writer_truncated_containers_total	filter_name,module,path,stream,writer	default,Telemetry,telemetry,Telemetry::LOG,Log::WRITER_ASCII	0.0
1772553221.222033	zeek	counter	zeek_log_writer_truncated_containers_total	filter_name,module,path,stream,writer	default,Stats,stats,Stats::LOG,Log::WRITER_ASCII	0.0
1772553221.222033	zeek	counter	zeek_log_writer_truncated_containers_total	filter_name,module,path,stream,writer	default,HTTP,http,HTTP::LOG,Log::WRITER_ASCII	0.0
1772553221.222033	zeek	counter	zeek_log_writer_truncated_containers_total	filter_name,module,path,stream,writer	default,DNS,dns,DNS::LOG,Log::WRITER_ASCII	0.0
1772553221.222033	zeek	counter	zeek_log_writer_truncated_containers_total	filter_name,module,path,stream,writer	default,Known,known_hosts,Known::HOSTS_LOG,Log::WRITER_ASCII	0.0
1772553221.222033	zeek	counter	zeek_log_writer_truncated_containers_total	filter_name,module,path,stream,writer	default,Weird,weird,Weird::LOG,Log::WRITER_ASCII	0.0
1772553221.222033	zeek	counter	zeek_log_writer_truncated_containers_total	filter_name,module,path,stream,writer	default,Modbus,modbus,Modbus::LOG,Log::WRITER_ASCII	0.0
1772553221.222033	zeek	counter	zeek_log_writer_truncated_containers_total	filter_name,module,path,stream,writer	default,Known,known_services,Known::SERVICES_LOG,Log::WRITER_ASCII	0.0
1772553221.222033	zeek	counter	zeek_log_writer_truncated_containers_total	filter_name,module,path,stream,writer	default,Conn,conn,Conn::LOG,Log::WRITER_ASCII	0.0
1772553221.222033	zeek	counter	zeek_log_writer_truncated_containers_total	filter_name,module,path,stream,writer	default,Software,software,Software::LOG,Log::WRITER_ASCII	0.0
1772553221.222033	zeek	counter	zeek_log_writer_truncated_containers_total	filter_name,module,path,stream,writer	default,Notice,notice,Notice::LOG,Log::WRITER_ASCII	0.0
1772553221.222033	zeek	counter	zeek_log_writer_truncated_containers_total	filter_name,module,path,stream,writer	default,Files,files,Files::LOG,Log::WRITER_ASCII	0.0
1772553221.222033	zeek	counter	zeek_net_received_bytes_total	(empty)	(empty)	656950.0
1772553221.222033	zeek	counter	zeek_net_received_packets_total	(empty)	(empty)	1962.0
1772553221.222033	zeek	counter	zeek_net_dropped_packets_total	(empty)	(empty)	0.0
1772553221.222033	zeek	counter	zeek_net_link_packets_total	(empty)	(empty)	1967.0
1772553221.222033	zeek	counter	zeek_msgthread_threads_total	(empty)	(empty)	15.0
1772553221.222033	zeek	counter	zeek_msgthread_in_messages_total	(empty)	(empty)	202.0
1772553221.222033	zeek	counter	zeek_msgthread_out_messages_total	(empty)	(empty)	0.0
1772553221.222033	zeek	counter	zeek_cluster_core_outgoing_events_total	(empty)	(empty)	0.0
1772553221.222033	zeek	counter	zeek_cluster_core_incoming_events_total	(empty)	(empty)	0.0
1772553221.222033	zeek	counter	zeek_broker_incoming_events_total	(empty)	(empty)	0.0
1772553221.222033	zeek	counter	zeek_broker_outgoing_events_total	(empty)	(empty)	0.0
1772553221.222033	zeek	counter	zeek_broker_incoming_logs_total	(empty)	(empty)	0.0
1772553221.222033	zeek	counter	zeek_broker_outgoing_logs_total	(empty)	(empty)	0.0
1772553221.222033	zeek	counter	zeek_broker_incoming_ids_total	(empty)	(empty)	0.0
1772553221.222033	zeek	counter	zeek_broker_outgoing_ids_total	(empty)	(empty)	0.0
1772553221.222033	zeek	counter	zeek_timers_total	(empty)	(empty)	1480.0
1772553221.222033	zeek	counter	zeek_dnsmgr_requests_total	(empty)	(empty)	0.0
1772553221.222033	zeek	counter	zeek_dnsmgr_successful_requests_total	(empty)	(empty)	0.0
1772553221.222033	zeek	counter	zeek_dnsmgr_failed_requests_total	(empty)	(empty)	0.0
1772553221.222033	zeek	counter	zeek_triggers_total	(empty)	(empty)	0.0
1772553221.222033	zeek	counter	zeek_ended_sessions_total	reason	inactivity	0.0
1772553221.222033	zeek	counter	zeek_event_handler_invocations_total	name	modbus_write_single_register_request	14.0
1772553221.222033	zeek	counter	zeek_event_handler_invocations_total	name	content_gap	8.0
1772553221.222033	zeek	counter	zeek_event_handler_invocations_total	name	conn_weird	8.0
1772553221.222033	zeek	counter	zeek_event_handler_invocations_total	name	file_state_remove	64.0
1772553221.222033	zeek	counter	zeek_event_handler_invocations_total	name	file_hash	171.0
1772553221.222033	zeek	counter	zeek_event_handler_invocations_total	name	file_sniff	64.0
1772553221.222033	zeek	counter	zeek_event_handler_invocations_total	name	file_over_new_connection	64.0
1772553221.222033	zeek	counter	zeek_event_handler_invocations_total	name	file_new	64.0
1772553221.222033	zeek	counter	zeek_event_handler_invocations_total	name	http_reply	143.0
1772553221.222033	zeek	counter	zeek_event_handler_invocations_total	name	http_message_done	287.0
1772553221.222033	zeek	counter	zeek_event_handler_invocations_total	name	Software::register	287.0
1772553221.222033	zeek	counter	zeek_event_handler_invocations_total	name	known_service_add	2.0
1772553221.222033	zeek	counter	zeek_event_handler_invocations_total	name	Software::new	287.0
1772553221.222033	zeek	counter	zeek_event_handler_invocations_total	name	service_info_commit	145.0
1772553221.222033	zeek	counter	zeek_event_handler_invocations_total	name	Software::log_software	2.0
1772553221.222033	zeek	counter	zeek_event_handler_invocations_total	name	SumStats::finish_epoch	3.0
1772553221.222033	zeek	counter	zeek_event_handler_invocations_total	name	dns_message	40.0
1772553221.222033	zeek	counter	zeek_event_handler_invocations_total	name	net_stats_update	1.0
1772553221.222033	zeek	counter	zeek_event_handler_invocations_total	name	http_request	144.0
1772553221.222033	zeek	counter	zeek_event_handler_invocations_total	name	dns_PTR_reply	12.0
1772553221.222033	zeek	counter	zeek_event_handler_invocations_total	name	check_stats	1.0
1772553221.222033	zeek	counter	zeek_event_handler_invocations_total	name	new_connection	163.0
1772553221.222033	zeek	counter	zeek_event_handler_invocations_total	name	zeek_script_loaded	539.0
1772553221.222033	zeek	counter	zeek_event_handler_invocations_total	name	http_end_entity	292.0
1772553221.222033	zeek	counter	zeek_event_handler_invocations_total	name	Broker::log_flush	59.0
1772553221.222033	zeek	counter	zeek_event_handler_invocations_total	name	filter_change_tracking	2.0
1772553221.222033	zeek	counter	zeek_event_handler_invocations_total	name	NetControl::init	1.0
1772553221.222033	zeek	counter	zeek_event_handler_invocations_total	name	Telemetry::log	2.0
1772553221.222033	zeek	counter	zeek_event_handler_invocations_total	name	ChecksumOffloading::check	2.0
1772553221.222033	zeek	counter	zeek_event_handler_invocations_total	name	zeek_init	1.0
1772553221.222033	zeek	counter	zeek_event_handler_invocations_total	name	grab_vulnerable_versions	2.0
1772553221.222033	zeek	counter	zeek_event_handler_invocations_total	name	dns_A_reply	4.0
1772553221.222033	zeek	counter	zeek_event_handler_invocations_total	name	connection_state_remove	151.0
1772553221.222033	zeek	counter	zeek_event_handler_invocations_total	name	dns_request	171.0
1772553221.222033	zeek	counter	zeek_event_handler_invocations_total	name	modbus_message	208.0
1772553221.222033	zeek	counter	zeek_event_handler_invocations_total	name	dns_AAAA_reply	9.0
1772553221.222033	zeek	counter	zeek_event_handler_invocations_total	name	analyzer_confirmation_info	151.0
1772553221.222033	zeek	counter	zeek_event_handler_invocations_total	name	connection_established	145.0
1772553221.222033	zeek	counter	zeek_event_handler_invocations_total	name	get_file_handle	488.0
1772553221.222033	zeek	counter	zeek_event_handler_invocations_total	name	Known::host_found	290.0
1772553221.222033	zeek	counter	zeek_event_handler_invocations_total	name	CaptureLoss::take_measurement	2.0
1772553221.222033	zeek	counter	zeek_event_handler_invocations_total	name	dns_end	40.0
1772553221.222033	zeek	counter	zeek_event_handler_invocations_total	name	http_begin_entity	292.0
1772553221.222033	zeek	counter	zeek_event_handler_invocations_total	name	known_host_add	3.0
1772553221.222033	zeek	counter	zeek_event_handler_invocations_total	name	http_header	2962.0
1772553221.222033	zeek	counter	zeek_total_sessions_total	protocol	icmp	5.0
1772553221.222033	zeek	counter	zeek_total_sessions_total	protocol	udp	6.0
1772553221.222033	zeek	counter	zeek_total_sessions_total	protocol	tcp	152.0
1772553221.222033	zeek	gauge	zeek_version_info	beta,commit,debug,major,minor,patch,version_number,version_string	false,0,false,8,1,1,80101,8.1.1	1.0
1772553221.222033	zeek	gauge	zeek_net_packet_lag_seconds	(empty)	(empty)	0.007777
1772553221.222033	zeek	gauge	zeek_net_timestamp_seconds	(empty)	(empty)	1772553221.222033
1772553221.222033	zeek	gauge	zeek_msgthread_active_threads	(empty)	(empty)	15.0
1772553221.222033	zeek	gauge	zeek_msgthread_pending_in_messages	(empty)	(empty)	0.0
1772553221.222033	zeek	gauge	zeek_msgthread_pending_out_messages	(empty)	(empty)	0.0
1772553221.222033	zeek	gauge	zeek_msgthread_pending_messages_in_buckets	leq	inf	15.0
1772553221.222033	zeek	gauge	zeek_msgthread_pending_messages_in_buckets	leq	10000	15.0
1772553221.222033	zeek	gauge	zeek_msgthread_pending_messages_in_buckets	leq	1000	15.0
1772553221.222033	zeek	gauge	zeek_msgthread_pending_messages_in_buckets	leq	100	15.0
1772553221.222033	zeek	gauge	zeek_msgthread_pending_messages_in_buckets	leq	10	15.0
1772553221.222033	zeek	gauge	zeek_msgthread_pending_messages_in_buckets	leq	1	15.0
1772553221.222033	zeek	gauge	zeek_msgthread_pending_messages_out_buckets	leq	inf	15.0
1772553221.222033	zeek	gauge	zeek_msgthread_pending_messages_out_buckets	leq	10000	15.0
1772553221.222033	zeek	gauge	zeek_msgthread_pending_messages_out_buckets	leq	1000	15.0
1772553221.222033	zeek	gauge	zeek_msgthread_pending_messages_out_buckets	leq	100	15.0
1772553221.222033	zeek	gauge	zeek_msgthread_pending_messages_out_buckets	leq	10	15.0
1772553221.222033	zeek	gauge	zeek_msgthread_pending_messages_out_buckets	leq	1	15.0
1772553221.222033	zeek	gauge	zeek_broker_peers	(empty)	(empty)	0.0
1772553221.222033	zeek	gauge	zeek_broker_stores	(empty)	(empty)	1.0
1772553221.222033	zeek	gauge	zeek_broker_pending_queries	(empty)	(empty)	0.0
1772553221.222033	zeek	gauge	zeek_timers_lag_time_seconds	(empty)	(empty)	0.000419
1772553221.222033	zeek	gauge	zeek_timers_pending	type	LogDelayExpire	0.0
1772553221.222033	zeek	gauge	zeek_timers_pending	type	ThreadHeartbeat	1.0
1772553221.222033	zeek	gauge	zeek_timers_pending	type	TimerMgrExpireTimer	0.0
1772553221.222033	zeek	gauge	zeek_timers_pending	type	ParentProcessIDCheck	0.0
1772553221.222033	zeek	gauge	zeek_timers_pending	type	FragTimer	0.0
1772553221.222033	zeek	gauge	zeek_timers_pending	type	RotateTimer	0.0
1772553221.222033	zeek	gauge	zeek_timers_pending	type	FlowWeirdTimer	0.0
1772553221.222033	zeek	gauge	zeek_timers_pending	type	FileAnalysisInactivityTimer	64.0
1772553221.222033	zeek	gauge	zeek_timers_pending	type	StorageExpire	1.0
1772553221.222033	zeek	gauge	zeek_timers_pending	type	ConnectionInactivityTimer	12.0
1772553221.222033	zeek	gauge	zeek_timers_pending	type	TCPConnectionExpireTimer	3.0
1772553221.222033	zeek	gauge	zeek_timers_pending	type	ConnectionStatusUpdateTimer	0.0
1772553221.222033	zeek	gauge	zeek_timers_pending	type	LogFlushWriteBufferTimer	1.0
1772553221.222033	zeek	gauge	zeek_timers_pending	type	NetWeirdTimer	0.0
1772553221.222033	zeek	gauge	zeek_timers_pending	type	InterconnTimer	0.0
1772553221.222033	zeek	gauge	zeek_timers_pending	type	IPTunnelInactivityTimer	0.0
1772553221.222033	zeek	gauge	zeek_timers_pending	type	DNSExpireTimer	0.0
1772553221.222033	zeek	gauge	zeek_timers_pending	type	UnknownProtocolExpire	0.0
1772553221.222033	zeek	gauge	zeek_timers_pending	type	ProfileTimer	0.0
1772553221.222033	zeek	gauge	zeek_timers_pending	type	ConnectionExpireTimer	0.0
1772553221.222033	zeek	gauge	zeek_timers_pending	type	BreakpointTimer	0.0
1772553221.222033	zeek	gauge	zeek_timers_pending	type	BackdoorTimer	0.0
1772553221.222033	zeek	gauge	zeek_timers_pending	type	NetbiosExpireTimer	0.0
1772553221.222033	zeek	gauge	zeek_timers_pending	type	NetworkTimer	0.0
1772553221.222033	zeek	gauge	zeek_timers_pending	type	RemoveConnection	0.0
1772553221.222033	zeek	gauge	zeek_timers_pending	type	TCPConnectionResetTimer	0.0
1772553221.222033	zeek	gauge	zeek_timers_pending	type	ConnTupleWeirdTimer	0.0
1772553221.222033	zeek	gauge	zeek_timers_pending	type	TCPConnectionDeleteTimer	0.0
1772553221.222033	zeek	gauge	zeek_timers_pending	type	ScheduleTimer	6.0
1772553221.222033	zeek	gauge	zeek_timers_pending	type	NTPExpireTimer	0.0
1772553221.222033	zeek	gauge	zeek_timers_pending	type	RPCExpireTimer	0.0
1772553221.222033	zeek	gauge	zeek_timers_pending	type	ConnectionDeleteTimer	5.0
1772553221.222033	zeek	gauge	zeek_timers_pending	type	TriggerTimer	0.0
1772553221.222033	zeek	gauge	zeek_timers_pending	type	TableValTimer	34.0
1772553221.222033	zeek	gauge	zeek_timers_pending	type	TCPConnectionAttemptTimer	0.0
1772553221.222033	zeek	gauge	zeek_timers_pending	type	TCPConnectionPartialClose	0.0
1772553221.222033	zeek	gauge	zeek_dnsmgr_pending_asyncs_requests	(empty)	(empty)	0.0
1772553221.222033	zeek	gauge	zeek_dnsmgr_cache_entries	type	text	0.0
1772553221.222033	zeek	gauge	zeek_dnsmgr_cache_entries	type	address	0.0
1772553221.222033	zeek	gauge	zeek_dnsmgr_cache_entries	type	host	0.0
1772553221.222033	zeek	gauge	zeek_pending_triggers	(empty)	(empty)	0.0
1772553221.222033	zeek	gauge	zeek_active_sessions	protocol	icmp	5.0
1772553221.222033	zeek	gauge	zeek_active_sessions	protocol	udp	0.0
1772553221.222033	zeek	gauge	zeek_active_sessions	protocol	tcp	7.0
1772553240.430944	zeek	counter	process_cpu_user_seconds_total	(empty)	(empty)	0.35
1772553240.430944	zeek	counter	process_cpu_system_seconds_total	(empty)	(empty)	0.29
1772553240.430944	zeek	gauge	process_resident_memory_bytes	(empty)	(empty)	281337856.0
1772553240.430944	zeek	gauge	process_virtual_memory_bytes	(empty)	(empty)	2222886912.0
1772553240.430944	zeek	gauge	process_open_fds	(empty)	(empty)	70.0
1772553240.430944	zeek	gauge	process_start_time_seconds	(empty)	(empty)	1772553160.853847
1772553240.430944	zeek	counter	zeek_log_stream_writes_total	module,stream	CaptureLoss,CaptureLoss::LOG	2.0
1772553240.430944	zeek	counter	zeek_log_stream_writes_total	module,stream	Notice,Notice::LOG	19.0
1772553240.430944	zeek	counter	zeek_log_stream_writes_total	module,stream	PacketFilter,PacketFilter::LOG	1.0
1772553240.430944	zeek	counter	zeek_log_stream_writes_total	module,stream	LoadedScripts,LoadedScripts::LOG	539.0
1772553240.430944	zeek	counter	zeek_log_stream_writes_total	module,stream	Reporter,Reporter::LOG	2.0
1772553240.430944	zeek	counter	zeek_log_stream_writes_total	module,stream	Telemetry,Telemetry::LOG	330.0
1772553240.430944	zeek	counter	zeek_log_stream_writes_total	module,stream	Weird,Weird::LOG	7.0
1772553240.430944	zeek	counter	zeek_log_stream_writes_total	module,stream	DNS,DNS::LOG	30.0
1772553240.430944	zeek	counter	zeek_log_stream_writes_total	module,stream	Known,Known::HOSTS_LOG	3.0
1772553240.430944	zeek	counter	zeek_log_stream_writes_total	module,stream	Conn,Conn::LOG	185.0
1772553240.430944	zeek	counter	zeek_log_stream_writes_total	module,stream	Known,Known::SERVICES_LOG	2.0
1772553240.430944	zeek	counter	zeek_log_stream_writes_total	module,stream	Software,Software::LOG	2.0
1772553240.430944	zeek	counter	zeek_log_stream_writes_total	module,stream	Stats,Stats::LOG	2.0
1772553240.430944	zeek	counter	zeek_log_stream_writes_total	module,stream	Files,Files::LOG	83.0
1772553240.430944	zeek	counter	zeek_log_stream_writes_total	module,stream	HTTP,HTTP::LOG	163.0
1772553240.430944	zeek	counter	zeek_log_stream_writes_total	module,stream	Modbus,Modbus::LOG	338.0
1772553240.430944	zeek	counter	zeek_log_writer_writes_total	filter_name,module,path,stream,writer	default,Reporter,reporter,Reporter::LOG,Log::WRITER_ASCII	2.0
1772553240.430944	zeek	counter	zeek_log_writer_writes_total	filter_name,module,path,stream,writer	default,CaptureLoss,capture_loss,CaptureLoss::LOG,Log::WRITER_ASCII	2.0
1772553240.430944	zeek	counter	zeek_log_writer_writes_total	filter_name,module,path,stream,writer	default,PacketFilter,packet_filter,PacketFilter::LOG,Log::WRITER_ASCII	1.0
1772553240.430944	zeek	counter	zeek_log_writer_writes_total	filter_name,module,path,stream,writer	default,LoadedScripts,loaded_scripts,LoadedScripts::LOG,Log::WRITER_ASCII	539.0
1772553240.430944	zeek	counter	zeek_log_writer_writes_total	filter_name,module,path,stream,writer	default,Telemetry,telemetry,Telemetry::LOG,Log::WRITER_ASCII	330.0
1772553240.430944	zeek	counter	zeek_log_writer_writes_total	filter_name,module,path,stream,writer	default,Stats,stats,Stats::LOG,Log::WRITER_ASCII	2.0
1772553240.430944	zeek	counter	zeek_log_writer_writes_total	filter_name,module,path,stream,writer	default,HTTP,http,HTTP::LOG,Log::WRITER_ASCII	163.0
1772553240.430944	zeek	counter	zeek_log_writer_writes_total	filter_name,module,path,stream,writer	default,DNS,dns,DNS::LOG,Log::WRITER_ASCII	30.0
1772553240.430944	zeek	counter	zeek_log_writer_writes_total	filter_name,module,path,stream,writer	default,Known,known_hosts,Known::HOSTS_LOG,Log::WRITER_ASCII	3.0
1772553240.430944	zeek	counter	zeek_log_writer_writes_total	filter_name,module,path,stream,writer	default,Weird,weird,Weird::LOG,Log::WRITER_ASCII	7.0
1772553240.430944	zeek	counter	zeek_log_writer_writes_total	filter_name,module,path,stream,writer	default,Modbus,modbus,Modbus::LOG,Log::WRITER_ASCII	338.0
1772553240.430944	zeek	counter	zeek_log_writer_writes_total	filter_name,module,path,stream,writer	default,Known,known_services,Known::SERVICES_LOG,Log::WRITER_ASCII	2.0
1772553240.430944	zeek	counter	zeek_log_writer_writes_total	filter_name,module,path,stream,writer	default,Conn,conn,Conn::LOG,Log::WRITER_ASCII	185.0
1772553240.430944	zeek	counter	zeek_log_writer_writes_total	filter_name,module,path,stream,writer	default,Software,software,Software::LOG,Log::WRITER_ASCII	2.0
1772553240.430944	zeek	counter	zeek_log_writer_writes_total	filter_name,module,path,stream,writer	default,Notice,notice,Notice::LOG,Log::WRITER_ASCII	19.0
1772553240.430944	zeek	counter	zeek_log_writer_writes_total	filter_name,module,path,stream,writer	default,Files,files,Files::LOG,Log::WRITER_ASCII	83.0
1772553240.430944	zeek	counter	zeek_log_writer_discarded_writes_total	filter_name,module,path,stream,writer	default,Reporter,reporter,Reporter::LOG,Log::WRITER_ASCII	0.0
1772553240.430944	zeek	counter	zeek_log_writer_discarded_writes_total	filter_name,module,path,stream,writer	default,CaptureLoss,capture_loss,CaptureLoss::LOG,Log::WRITER_ASCII	0.0
1772553240.430944	zeek	counter	zeek_log_writer_discarded_writes_total	filter_name,module,path,stream,writer	default,PacketFilter,packet_filter,PacketFilter::LOG,Log::WRITER_ASCII	0.0
1772553240.430944	zeek	counter	zeek_log_writer_discarded_writes_total	filter_name,module,path,stream,writer	default,LoadedScripts,loaded_scripts,LoadedScripts::LOG,Log::WRITER_ASCII	0.0
1772553240.430944	zeek	counter	zeek_log_writer_discarded_writes_total	filter_name,module,path,stream,writer	default,Telemetry,telemetry,Telemetry::LOG,Log::WRITER_ASCII	0.0
1772553240.430944	zeek	counter	zeek_log_writer_discarded_writes_total	filter_name,module,path,stream,writer	default,Stats,stats,Stats::LOG,Log::WRITER_ASCII	0.0
1772553240.430944	zeek	counter	zeek_log_writer_discarded_writes_total	filter_name,module,path,stream,writer	default,HTTP,http,HTTP::LOG,Log::WRITER_ASCII	0.0
1772553240.430944	zeek	counter	zeek_log_writer_discarded_writes_total	filter_name,module,path,stream,writer	default,DNS,dns,DNS::LOG,Log::WRITER_ASCII	0.0
1772553240.430944	zeek	counter	zeek_log_writer_discarded_writes_total	filter_name,module,path,stream,writer	default,Known,known_hosts,Known::HOSTS_LOG,Log::WRITER_ASCII	0.0
1772553240.430944	zeek	counter	zeek_log_writer_discarded_writes_total	filter_name,module,path,stream,writer	default,Weird,weird,Weird::LOG,Log::WRITER_ASCII	0.0
1772553240.430944	zeek	counter	zeek_log_writer_discarded_writes_total	filter_name,module,path,stream,writer	default,Modbus,modbus,Modbus::LOG,Log::WRITER_ASCII	0.0
1772553240.430944	zeek	counter	zeek_log_writer_discarded_writes_total	filter_name,module,path,stream,writer	default,Known,known_services,Known::SERVICES_LOG,Log::WRITER_ASCII	0.0
1772553240.430944	zeek	counter	zeek_log_writer_discarded_writes_total	filter_name,module,path,stream,writer	default,Conn,conn,Conn::LOG,Log::WRITER_ASCII	0.0
1772553240.430944	zeek	counter	zeek_log_writer_discarded_writes_total	filter_name,module,path,stream,writer	default,Software,software,Software::LOG,Log::WRITER_ASCII	0.0
1772553240.430944	zeek	counter	zeek_log_writer_discarded_writes_total	filter_name,module,path,stream,writer	default,Notice,notice,Notice::LOG,Log::WRITER_ASCII	0.0
1772553240.430944	zeek	counter	zeek_log_writer_discarded_writes_total	filter_name,module,path,stream,writer	default,Files,files,Files::LOG,Log::WRITER_ASCII	0.0
1772553240.430944	zeek	counter	zeek_log_writer_truncated_string_fields_total	filter_name,module,path,stream,writer	default,Reporter,reporter,Reporter::LOG,Log::WRITER_ASCII	0.0
1772553240.430944	zeek	counter	zeek_log_writer_truncated_string_fields_total	filter_name,module,path,stream,writer	default,CaptureLoss,capture_loss,CaptureLoss::LOG,Log::WRITER_ASCII	0.0
1772553240.430944	zeek	counter	zeek_log_writer_truncated_string_fields_total	filter_name,module,path,stream,writer	default,PacketFilter,packet_filter,PacketFilter::LOG,Log::WRITER_ASCII	0.0
1772553240.430944	zeek	counter	zeek_log_writer_truncated_string_fields_total	filter_name,module,path,stream,writer	default,LoadedScripts,loaded_scripts,LoadedScripts::LOG,Log::WRITER_ASCII	0.0
1772553240.430944	zeek	counter	zeek_log_writer_truncated_string_fields_total	filter_name,module,path,stream,writer	default,Telemetry,telemetry,Telemetry::LOG,Log::WRITER_ASCII	0.0
1772553240.430944	zeek	counter	zeek_log_writer_truncated_string_fields_total	filter_name,module,path,stream,writer	default,Stats,stats,Stats::LOG,Log::WRITER_ASCII	0.0
1772553240.430944	zeek	counter	zeek_log_writer_truncated_string_fields_total	filter_name,module,path,stream,writer	default,HTTP,http,HTTP::LOG,Log::WRITER_ASCII	0.0
1772553240.430944	zeek	counter	zeek_log_writer_truncated_string_fields_total	filter_name,module,path,stream,writer	default,DNS,dns,DNS::LOG,Log::WRITER_ASCII	0.0
1772553240.430944	zeek	counter	zeek_log_writer_truncated_string_fields_total	filter_name,module,path,stream,writer	default,Known,known_hosts,Known::HOSTS_LOG,Log::WRITER_ASCII	0.0
1772553240.430944	zeek	counter	zeek_log_writer_truncated_string_fields_total	filter_name,module,path,stream,writer	default,Weird,weird,Weird::LOG,Log::WRITER_ASCII	0.0
1772553240.430944	zeek	counter	zeek_log_writer_truncated_string_fields_total	filter_name,module,path,stream,writer	default,Modbus,modbus,Modbus::LOG,Log::WRITER_ASCII	0.0
1772553240.430944	zeek	counter	zeek_log_writer_truncated_string_fields_total	filter_name,module,path,stream,writer	default,Known,known_services,Known::SERVICES_LOG,Log::WRITER_ASCII	0.0
1772553240.430944	zeek	counter	zeek_log_writer_truncated_string_fields_total	filter_name,module,path,stream,writer	default,Conn,conn,Conn::LOG,Log::WRITER_ASCII	0.0
1772553240.430944	zeek	counter	zeek_log_writer_truncated_string_fields_total	filter_name,module,path,stream,writer	default,Software,software,Software::LOG,Log::WRITER_ASCII	0.0
1772553240.430944	zeek	counter	zeek_log_writer_truncated_string_fields_total	filter_name,module,path,stream,writer	default,Notice,notice,Notice::LOG,Log::WRITER_ASCII	0.0
1772553240.430944	zeek	counter	zeek_log_writer_truncated_string_fields_total	filter_name,module,path,stream,writer	default,Files,files,Files::LOG,Log::WRITER_ASCII	0.0
1772553240.430944	zeek	counter	zeek_log_writer_truncated_containers_total	filter_name,module,path,stream,writer	default,Reporter,reporter,Reporter::LOG,Log::WRITER_ASCII	0.0
1772553240.430944	zeek	counter	zeek_log_writer_truncated_containers_total	filter_name,module,path,stream,writer	default,CaptureLoss,capture_loss,CaptureLoss::LOG,Log::WRITER_ASCII	0.0
1772553240.430944	zeek	counter	zeek_log_writer_truncated_containers_total	filter_name,module,path,stream,writer	default,PacketFilter,packet_filter,PacketFilter::LOG,Log::WRITER_ASCII	0.0
1772553240.430944	zeek	counter	zeek_log_writer_truncated_containers_total	filter_name,module,path,stream,writer	default,LoadedScripts,loaded_scripts,LoadedScripts::LOG,Log::WRITER_ASCII	0.0
1772553240.430944	zeek	counter	zeek_log_writer_truncated_containers_total	filter_name,module,path,stream,writer	default,Telemetry,telemetry,Telemetry::LOG,Log::WRITER_ASCII	0.0
1772553240.430944	zeek	counter	zeek_log_writer_truncated_containers_total	filter_name,module,path,stream,writer	default,Stats,stats,Stats::LOG,Log::WRITER_ASCII	0.0
1772553240.430944	zeek	counter	zeek_log_writer_truncated_containers_total	filter_name,module,path,stream,writer	default,HTTP,http,HTTP::LOG,Log::WRITER_ASCII	0.0
1772553240.430944	zeek	counter	zeek_log_writer_truncated_containers_total	filter_name,module,path,stream,writer	default,DNS,dns,DNS::LOG,Log::WRITER_ASCII	0.0
1772553240.430944	zeek	counter	zeek_log_writer_truncated_containers_total	filter_name,module,path,stream,writer	default,Known,known_hosts,Known::HOSTS_LOG,Log::WRITER_ASCII	0.0
1772553240.430944	zeek	counter	zeek_log_writer_truncated_containers_total	filter_name,module,path,stream,writer	default,Weird,weird,Weird::LOG,Log::WRITER_ASCII	0.0
1772553240.430944	zeek	counter	zeek_log_writer_truncated_containers_total	filter_name,module,path,stream,writer	default,Modbus,modbus,Modbus::LOG,Log::WRITER_ASCII	0.0
1772553240.430944	zeek	counter	zeek_log_writer_truncated_containers_total	filter_name,module,path,stream,writer	default,Known,known_services,Known::SERVICES_LOG,Log::WRITER_ASCII	0.0
1772553240.430944	zeek	counter	zeek_log_writer_truncated_containers_total	filter_name,module,path,stream,writer	default,Conn,conn,Conn::LOG,Log::WRITER_ASCII	0.0
1772553240.430944	zeek	counter	zeek_log_writer_truncated_containers_total	filter_name,module,path,stream,writer	default,Software,software,Software::LOG,Log::WRITER_ASCII	0.0
1772553240.430944	zeek	counter	zeek_log_writer_truncated_containers_total	filter_name,module,path,stream,writer	default,Notice,notice,Notice::LOG,Log::WRITER_ASCII	0.0
1772553240.430944	zeek	counter	zeek_log_writer_truncated_containers_total	filter_name,module,path,stream,writer	default,Files,files,Files::LOG,Log::WRITER_ASCII	0.0
1772553240.430944	zeek	counter	zeek_net_received_bytes_total	(empty)	(empty)	775079.0
1772553240.430944	zeek	counter	zeek_net_received_packets_total	(empty)	(empty)	2373.0
1772553240.430944	zeek	counter	zeek_net_dropped_packets_total	(empty)	(empty)	0.0
1772553240.430944	zeek	counter	zeek_net_link_packets_total	(empty)	(empty)	2376.0
1772553240.430944	zeek	counter	zeek_msgthread_threads_total	(empty)	(empty)	16.0
1772553240.430944	zeek	counter	zeek_msgthread_in_messages_total	(empty)	(empty)	303.0
1772553240.430944	zeek	counter	zeek_msgthread_out_messages_total	(empty)	(empty)	0.0
1772553240.430944	zeek	counter	zeek_cluster_core_outgoing_events_total	(empty)	(empty)	0.0
1772553240.430944	zeek	counter	zeek_cluster_core_incoming_events_total	(empty)	(empty)	0.0
1772553240.430944	zeek	counter	zeek_broker_incoming_events_total	(empty)	(empty)	0.0
1772553240.430944	zeek	counter	zeek_broker_outgoing_events_total	(empty)	(empty)	0.0
1772553240.430944	zeek	counter	zeek_broker_incoming_logs_total	(empty)	(empty)	0.0
1772553240.430944	zeek	counter	zeek_broker_outgoing_logs_total	(empty)	(empty)	0.0
1772553240.430944	zeek	counter	zeek_broker_incoming_ids_total	(empty)	(empty)	0.0
1772553240.430944	zeek	counter	zeek_broker_outgoing_ids_total	(empty)	(empty)	0.0
1772553240.430944	zeek	counter	zeek_timers_total	(empty)	(empty)	1758.0
1772553240.430944	zeek	counter	zeek_dnsmgr_requests_total	(empty)	(empty)	0.0
1772553240.430944	zeek	counter	zeek_dnsmgr_successful_requests_total	(empty)	(empty)	0.0
1772553240.430944	zeek	counter	zeek_dnsmgr_failed_requests_total	(empty)	(empty)	0.0
1772553240.430944	zeek	counter	zeek_triggers_total	(empty)	(empty)	0.0
1772553240.430944	zeek	counter	zeek_ended_sessions_total	reason	inactivity	4.0
1772553240.430944	zeek	counter	zeek_event_handler_invocations_total	name	zeek_done	1.0
1772553240.430944	zeek	counter	zeek_event_handler_invocations_total	name	net_done	1.0
1772553240.430944	zeek	counter	zeek_event_handler_invocations_total	name	modbus_write_single_register_request	19.0
1772553240.430944	zeek	counter	zeek_event_handler_invocations_total	name	content_gap	8.0
1772553240.430944	zeek	counter	zeek_event_handler_invocations_total	name	conn_weird	8.0
1772553240.430944	zeek	counter	zeek_event_handler_invocations_total	name	file_state_remove	83.0
1772553240.430944	zeek	counter	zeek_event_handler_invocations_total	name	file_hash	228.0
1772553240.430944	zeek	counter	zeek_event_handler_invocations_total	name	file_sniff	83.0
1772553240.430944	zeek	counter	zeek_event_handler_invocations_total	name	file_over_new_connection	83.0
1772553240.430944	zeek	counter	zeek_event_handler_invocations_total	name	file_new	83.0
1772553240.430944	zeek	counter	zeek_event_handler_invocations_total	name	http_reply	162.0
1772553240.430944	zeek	counter	zeek_event_handler_invocations_total	name	reporter_info	2.0
1772553240.430944	zeek	counter	zeek_event_handler_invocations_total	name	http_message_done	325.0
1772553240.430944	zeek	counter	zeek_event_handler_invocations_total	name	Software::register	325.0
1772553240.430944	zeek	counter	zeek_event_handler_invocations_total	name	known_service_add	2.0
1772553240.430944	zeek	counter	zeek_event_handler_invocations_total	name	Software::new	325.0
1772553240.430944	zeek	counter	zeek_event_handler_invocations_total	name	service_info_commit	164.0
1772553240.430944	zeek	counter	zeek_event_handler_invocations_total	name	Software::log_software	2.0
1772553240.430944	zeek	counter	zeek_event_handler_invocations_total	name	SumStats::finish_epoch	3.0
1772553240.430944	zeek	counter	zeek_event_handler_invocations_total	name	dns_message	43.0
1772553240.430944	zeek	counter	zeek_event_handler_invocations_total	name	net_stats_update	2.0
1772553240.430944	zeek	counter	zeek_event_handler_invocations_total	name	http_request	163.0
1772553240.430944	zeek	counter	zeek_event_handler_invocations_total	name	dns_PTR_reply	12.0
1772553240.430944	zeek	counter	zeek_event_handler_invocations_total	name	check_stats	2.0
1772553240.430944	zeek	counter	zeek_event_handler_invocations_total	name	new_connection	185.0
1772553240.430944	zeek	counter	zeek_event_handler_invocations_total	name	zeek_script_loaded	539.0
1772553240.430944	zeek	counter	zeek_event_handler_invocations_total	name	http_end_entity	330.0
1772553240.430944	zeek	counter	zeek_event_handler_invocations_total	name	Broker::log_flush	79.0
1772553240.430944	zeek	counter	zeek_event_handler_invocations_total	name	filter_change_tracking	3.0
1772553240.430944	zeek	counter	zeek_event_handler_invocations_total	name	NetControl::init	1.0
1772553240.430944	zeek	counter	zeek_event_handler_invocations_total	name	Telemetry::log	3.0
1772553240.430944	zeek	counter	zeek_event_handler_invocations_total	name	ChecksumOffloading::check	2.0
1772553240.430944	zeek	counter	zeek_event_handler_invocations_total	name	zeek_init	1.0
1772553240.430944	zeek	counter	zeek_event_handler_invocations_total	name	grab_vulnerable_versions	3.0
1772553240.430944	zeek	counter	zeek_event_handler_invocations_total	name	dns_A_reply	4.0
1772553240.430944	zeek	counter	zeek_event_handler_invocations_total	name	connection_state_remove	185.0
1772553240.430944	zeek	counter	zeek_event_handler_invocations_total	name	dns_request	198.0
1772553240.430944	zeek	counter	zeek_event_handler_invocations_total	name	modbus_message	338.0
1772553240.430944	zeek	counter	zeek_event_handler_invocations_total	name	dns_AAAA_reply	9.0
1772553240.430944	zeek	counter	zeek_event_handler_invocations_total	name	analyzer_confirmation_info	173.0
1772553240.430944	zeek	counter	zeek_event_handler_invocations_total	name	connection_established	164.0
1772553240.430944	zeek	counter	zeek_event_handler_invocations_total	name	get_file_handle	570.0
1772553240.430944	zeek	counter	zeek_event_handler_invocations_total	name	Known::host_found	328.0
1772553240.430944	zeek	counter	zeek_event_handler_invocations_total	name	CaptureLoss::take_measurement	3.0
1772553240.430944	zeek	counter	zeek_event_handler_invocations_total	name	dns_end	43.0
1772553240.430944	zeek	counter	zeek_event_handler_invocations_total	name	http_begin_entity	330.0
1772553240.430944	zeek	counter	zeek_event_handler_invocations_total	name	known_host_add	3.0
1772553240.430944	zeek	counter	zeek_event_handler_invocations_total	name	http_header	3304.0
1772553240.430944	zeek	counter	zeek_total_sessions_total	protocol	icmp	5.0
1772553240.430944	zeek	counter	zeek_total_sessions_total	protocol	udp	9.0
1772553240.430944	zeek	counter	zeek_total_sessions_total	protocol	tcp	171.0
1772553240.430944	zeek	gauge	zeek_version_info	beta,commit,debug,major,minor,patch,version_number,version_string	false,0,false,8,1,1,80101,8.1.1	1.0
1772553240.430944	zeek	gauge	zeek_net_packet_lag_seconds	(empty)	(empty)	0.003749
1772553240.430944	zeek	gauge	zeek_net_timestamp_seconds	(empty)	(empty)	1772553240.430944
1772553240.430944	zeek	gauge	zeek_msgthread_active_threads	(empty)	(empty)	16.0
1772553240.430944	zeek	gauge	zeek_msgthread_pending_in_messages	(empty)	(empty)	0.0
1772553240.430944	zeek	gauge	zeek_msgthread_pending_out_messages	(empty)	(empty)	0.0
1772553240.430944	zeek	gauge	zeek_msgthread_pending_messages_in_buckets	leq	inf	16.0
1772553240.430944	zeek	gauge	zeek_msgthread_pending_messages_in_buckets	leq	10000	16.0
1772553240.430944	zeek	gauge	zeek_msgthread_pending_messages_in_buckets	leq	1000	16.0
1772553240.430944	zeek	gauge	zeek_msgthread_pending_messages_in_buckets	leq	100	16.0
1772553240.430944	zeek	gauge	zeek_msgthread_pending_messages_in_buckets	leq	10	16.0
1772553240.430944	zeek	gauge	zeek_msgthread_pending_messages_in_buckets	leq	1	16.0
1772553240.430944	zeek	gauge	zeek_msgthread_pending_messages_out_buckets	leq	inf	16.0
1772553240.430944	zeek	gauge	zeek_msgthread_pending_messages_out_buckets	leq	10000	16.0
1772553240.430944	zeek	gauge	zeek_msgthread_pending_messages_out_buckets	leq	1000	16.0
1772553240.430944	zeek	gauge	zeek_msgthread_pending_messages_out_buckets	leq	100	16.0
1772553240.430944	zeek	gauge	zeek_msgthread_pending_messages_out_buckets	leq	10	16.0
1772553240.430944	zeek	gauge	zeek_msgthread_pending_messages_out_buckets	leq	1	16.0
1772553240.430944	zeek	gauge	zeek_broker_peers	(empty)	(empty)	0.0
1772553240.430944	zeek	gauge	zeek_broker_stores	(empty)	(empty)	1.0
1772553240.430944	zeek	gauge	zeek_broker_pending_queries	(empty)	(empty)	0.0
1772553240.430944	zeek	gauge	zeek_timers_lag_time_seconds	(empty)	(empty)	1772553240.430944
1772553240.430944	zeek	gauge	zeek_timers_pending	type	LogDelayExpire	0.0
1772553240.430944	zeek	gauge	zeek_timers_pending	type	ThreadHeartbeat	0.0
1772553240.430944	zeek	gauge	zeek_timers_pending	type	TimerMgrExpireTimer	0.0
1772553240.430944	zeek	gauge	zeek_timers_pending	type	ParentProcessIDCheck	0.0
1772553240.430944	zeek	gauge	zeek_timers_pending	type	FragTimer	0.0
1772553240.430944	zeek	gauge	zeek_timers_pending	type	RotateTimer	0.0
1772553240.430944	zeek	gauge	zeek_timers_pending	type	FlowWeirdTimer	0.0
1772553240.430944	zeek	gauge	zeek_timers_pending	type	FileAnalysisInactivityTimer	0.0
1772553240.430944	zeek	gauge	zeek_timers_pending	type	StorageExpire	0.0
1772553240.430944	zeek	gauge	zeek_timers_pending	type	ConnectionInactivityTimer	0.0
1772553240.430944	zeek	gauge	zeek_timers_pending	type	TCPConnectionExpireTimer	0.0
1772553240.430944	zeek	gauge	zeek_timers_pending	type	ConnectionStatusUpdateTimer	0.0
1772553240.430944	zeek	gauge	zeek_timers_pending	type	LogFlushWriteBufferTimer	0.0
1772553240.430944	zeek	gauge	zeek_timers_pending	type	NetWeirdTimer	0.0
1772553240.430944	zeek	gauge	zeek_timers_pending	type	InterconnTimer	0.0
1772553240.430944	zeek	gauge	zeek_timers_pending	type	IPTunnelInactivityTimer	0.0
1772553240.430944	zeek	gauge	zeek_timers_pending	type	DNSExpireTimer	0.0
1772553240.430944	zeek	gauge	zeek_timers_pending	type	UnknownProtocolExpire	0.0
1772553240.430944	zeek	gauge	zeek_timers_pending	type	ProfileTimer	0.0
1772553240.430944	zeek	gauge	zeek_timers_pending	type	ConnectionExpireTimer	0.0
1772553240.430944	zeek	gauge	zeek_timers_pending	type	BreakpointTimer	0.0
1772553240.430944	zeek	gauge	zeek_timers_pending	type	BackdoorTimer	0.0
1772553240.430944	zeek	gauge	zeek_timers_pending	type	NetbiosExpireTimer	0.0
1772553240.430944	zeek	gauge	zeek_timers_pending	type	NetworkTimer	0.0
1772553240.430944	zeek	gauge	zeek_timers_pending	type	RemoveConnection	0.0
1772553240.430944	zeek	gauge	zeek_timers_pending	type	TCPConnectionResetTimer	0.0
1772553240.430944	zeek	gauge	zeek_timers_pending	type	ConnTupleWeirdTimer	0.0
1772553240.430944	zeek	gauge	zeek_timers_pending	type	TCPConnectionDeleteTimer	0.0
1772553240.430944	zeek	gauge	zeek_timers_pending	type	ScheduleTimer	0.0
1772553240.430944	zeek	gauge	zeek_timers_pending	type	NTPExpireTimer	0.0
1772553240.430944	zeek	gauge	zeek_timers_pending	type	RPCExpireTimer	0.0
1772553240.430944	zeek	gauge	zeek_timers_pending	type	ConnectionDeleteTimer	0.0
1772553240.430944	zeek	gauge	zeek_timers_pending	type	TriggerTimer	0.0
1772553240.430944	zeek	gauge	zeek_timers_pending	type	TableValTimer	0.0
1772553240.430944	zeek	gauge	zeek_timers_pending	type	TCPConnectionAttemptTimer	0.0
1772553240.430944	zeek	gauge	zeek_timers_pending	type	TCPConnectionPartialClose	0.0
1772553240.430944	zeek	gauge	zeek_dnsmgr_pending_asyncs_requests	(empty)	(empty)	0.0
1772553240.430944	zeek	gauge	zeek_dnsmgr_cache_entries	type	text	0.0
1772553240.430944	zeek	gauge	zeek_dnsmgr_cache_entries	type	address	0.0
1772553240.430944	zeek	gauge	zeek_dnsmgr_cache_entries	type	host	0.0
1772553240.430944	zeek	gauge	zeek_pending_triggers	(empty)	(empty)	0.0
1772553240.430944	zeek	gauge	zeek_active_sessions	protocol	icmp	1.0
1772553240.430944	zeek	gauge	zeek_active_sessions	protocol	udp	0.0
1772553240.430944	zeek	gauge	zeek_active_sessions	protocol	tcp	7.0
#close	2026-03-03-15-54-00
